<?xml version="1.0" encoding="UTF-8"?>
<testng-results ignored="0" total="1" passed="1" failed="0" skipped="0">
  <reporter-output>
  </reporter-output>
  <suite started-at="2023-01-14T12:45:45 CST" name="Maven hybrid framework v1" finished-at="2023-01-14T12:45:54 CST" duration-ms="9550">
    <groups>
    </groups>
    <test started-at="2023-01-14T12:45:45 CST" name="Hybrid framework banking app test" finished-at="2023-01-14T12:45:54 CST" duration-ms="9550">
      <class name="Maven_HybridFramework_v1_testCases.tc_loginTest_001">
        <test-method is-config="true" signature="setup(java.lang.String)[pri:0, instance:Maven_HybridFramework_v1_testCases.tc_loginTest_001@3427b02d]" started-at="2023-01-14T12:45:45 CST" name="setup" finished-at="2023-01-14T12:45:51 CST" duration-ms="6195" status="PASS">
          <params>
            <param index="0">
              <value>
                <![CDATA[chrome]]>
              </value>
            </param>
          </params>
          <reporter-output>
          </reporter-output>
        </test-method> <!-- setup -->
        <test-method signature="loginTest()[pri:0, instance:Maven_HybridFramework_v1_testCases.tc_loginTest_001@3427b02d]" started-at="2023-01-14T12:45:51 CST" name="loginTest" finished-at="2023-01-14T12:45:54 CST" duration-ms="2984" status="PASS">
          <reporter-output>
          </reporter-output>
        </test-method> <!-- loginTest -->
        <test-method is-config="true" signature="teardown()[pri:0, instance:Maven_HybridFramework_v1_testCases.tc_loginTest_001@3427b02d]" started-at="2023-01-14T12:45:54 CST" name="teardown" finished-at="2023-01-14T12:45:54 CST" duration-ms="289" status="PASS">
          <reporter-output>
          </reporter-output>
        </test-method> <!-- teardown -->
      </class> <!-- Maven_HybridFramework_v1_testCases.tc_loginTest_001 -->
    </test> <!-- Hybrid framework banking app test -->
  </suite> <!-- Maven hybrid framework v1 -->
</testng-results>
